SERVER_HANDSHAKE_TRAFFIC_SECRET 51ba9b97b0665d2cd6abf32498823ed14bee6f4254c0f26ca85e19d78ef73bc8 acb430e257f29cfca12f5b76c07cc70b896d65236ad64db4076748a284cbb141
EXPORTER_SECRET 51ba9b97b0665d2cd6abf32498823ed14bee6f4254c0f26ca85e19d78ef73bc8 2a904b4e41f1393d7e59208576c0da40cc3864a809bb64a4242e676b5a601b74
SERVER_TRAFFIC_SECRET_0 51ba9b97b0665d2cd6abf32498823ed14bee6f4254c0f26ca85e19d78ef73bc8 2686a52879e3434db87945dc7cadf17928817a48d2bae5bb02b9696809386100
CLIENT_HANDSHAKE_TRAFFIC_SECRET 51ba9b97b0665d2cd6abf32498823ed14bee6f4254c0f26ca85e19d78ef73bc8 028f17fef500b7e06f88a98f2af5ec1d13f9a39a0cdaf785449b1265ab82e182
CLIENT_TRAFFIC_SECRET_0 51ba9b97b0665d2cd6abf32498823ed14bee6f4254c0f26ca85e19d78ef73bc8 fe9b48c85047c1107e484e3a19b7b976dfe709aab5a175785be9ce2920a847a2
SERVER_HANDSHAKE_TRAFFIC_SECRET a70433a384c615ef613ca6ed3590bfe721d892b7fbc577bc94c5c5df2f5d09c8 c5d264e972c6a420143133b15dd0b3634fd57b8f3c7c180461c7dd48ba72e4fb
EXPORTER_SECRET a70433a384c615ef613ca6ed3590bfe721d892b7fbc577bc94c5c5df2f5d09c8 3bf83c7a179091d8a0a98245896eebb25f87b37ffd0da382a16e7977b83aae7a
SERVER_TRAFFIC_SECRET_0 a70433a384c615ef613ca6ed3590bfe721d892b7fbc577bc94c5c5df2f5d09c8 4a0920cc712b6d0a53e4d0f5559faaeeacf2ab2d15430f81c2afd000b8f6a6f9
CLIENT_HANDSHAKE_TRAFFIC_SECRET a70433a384c615ef613ca6ed3590bfe721d892b7fbc577bc94c5c5df2f5d09c8 cdc9483292c6f9ef9bd4c7bdbbbfcb107dd92d89c242fec8d1d2e22087ca1808
CLIENT_TRAFFIC_SECRET_0 a70433a384c615ef613ca6ed3590bfe721d892b7fbc577bc94c5c5df2f5d09c8 77e3ed6c5f64918d55bcde39e6f86850d1ab870b83306b824de77fba93f003d7
SERVER_HANDSHAKE_TRAFFIC_SECRET 7822d4bb5ebe2f0b650aaf8baf22170653317b1f5b31fcc17e9a25d687f17953 037022a270073f529b223aef92cb91a69c205f5caa313ff59ea672b5ac85c50e
EXPORTER_SECRET 7822d4bb5ebe2f0b650aaf8baf22170653317b1f5b31fcc17e9a25d687f17953 78b3a6c2818747ef028d5d6513a91be2e4ec353a8d6126ae0ec6e01964555c07
SERVER_TRAFFIC_SECRET_0 7822d4bb5ebe2f0b650aaf8baf22170653317b1f5b31fcc17e9a25d687f17953 8d9200e5d8fcae4e4d0fc84f7b7730186c7a80668ee4db8cc2a0151a9619a04f
CLIENT_HANDSHAKE_TRAFFIC_SECRET 7822d4bb5ebe2f0b650aaf8baf22170653317b1f5b31fcc17e9a25d687f17953 8c968a87c99ebc12245f2ffe2a5ffb0af47f35eca903843c41eb84456e52128e
CLIENT_TRAFFIC_SECRET_0 7822d4bb5ebe2f0b650aaf8baf22170653317b1f5b31fcc17e9a25d687f17953 614efe2cadb96ba76ff662c90dbf40ab9f7ecdaf3b4a250c5d180892519f54a5
SERVER_HANDSHAKE_TRAFFIC_SECRET 6137bd77eda7b67048164af1031366a7d7b10245a896f5ba0945cd543b51b1d0 ef085c465ecdd9e6ec0eed1086308a1568133c7f7e931babbdaf4125d11b171f
EXPORTER_SECRET 6137bd77eda7b67048164af1031366a7d7b10245a896f5ba0945cd543b51b1d0 d8af65ac4f17773dd62f7b3b5170e12278bddc92e61eecf1c12bd4a2e0ea7dc7
SERVER_TRAFFIC_SECRET_0 6137bd77eda7b67048164af1031366a7d7b10245a896f5ba0945cd543b51b1d0 2b91ee38aee355c781fc1e3281ce6368c709ed04d4b71089124fd5b1bb492a5d
CLIENT_HANDSHAKE_TRAFFIC_SECRET 6137bd77eda7b67048164af1031366a7d7b10245a896f5ba0945cd543b51b1d0 0642ac03b6e18125e1fc1734b90680c8050a605ba48d195fc69dfe04dfdf63cb
CLIENT_TRAFFIC_SECRET_0 6137bd77eda7b67048164af1031366a7d7b10245a896f5ba0945cd543b51b1d0 1e8ceecd1ec67c344faa554a7b403270d585aeaed9a38dd100ae674063c02116
SERVER_HANDSHAKE_TRAFFIC_SECRET 8fa79dbe819d5798227490b460b02f2c537500f62d3a6264b3e3c6babc4ed425 4f598db07e4a642d5e0534f04e00c27ab89ee7877b320644f6a58f5dbf28b9e9
EXPORTER_SECRET 8fa79dbe819d5798227490b460b02f2c537500f62d3a6264b3e3c6babc4ed425 ce1fd462d5a6747dda0888f30f44cd114fb51155213502616e8d7c5d0aa233fd
SERVER_TRAFFIC_SECRET_0 8fa79dbe819d5798227490b460b02f2c537500f62d3a6264b3e3c6babc4ed425 7d116d8c6a37693a92ceff266db7946ae42477df2467abd86ff7ce0ac184179a
CLIENT_HANDSHAKE_TRAFFIC_SECRET 8fa79dbe819d5798227490b460b02f2c537500f62d3a6264b3e3c6babc4ed425 9ef6ab9f11ba735cfbe70d199cb5e2534a693486ae057a340cf62712fe588e23
CLIENT_TRAFFIC_SECRET_0 8fa79dbe819d5798227490b460b02f2c537500f62d3a6264b3e3c6babc4ed425 24b9ecb1593371c765c921851571b7c7066e524e94a216b96bd0b5613fdd6b45
SERVER_HANDSHAKE_TRAFFIC_SECRET d3a090e43a0bd14ac596f04693a90760cc92dc343ba485ed56ad75cd092efd78 0b568e2569aa22d7f89a7fe2a6c2623c6a6e1431da77bbcc401d6651ecb10250
EXPORTER_SECRET d3a090e43a0bd14ac596f04693a90760cc92dc343ba485ed56ad75cd092efd78 c6000333ab346fd9c862657816752708b49711243eb04551145b91e24c5ed1de
SERVER_TRAFFIC_SECRET_0 d3a090e43a0bd14ac596f04693a90760cc92dc343ba485ed56ad75cd092efd78 1366b35319a82a93be6602960675fd91cbe0a3194f9a210184ff0cce6025823b
CLIENT_HANDSHAKE_TRAFFIC_SECRET d3a090e43a0bd14ac596f04693a90760cc92dc343ba485ed56ad75cd092efd78 4591f1c2c492d88a7a845d585e047e28abe578bf89b807696d120e63670e5262
CLIENT_TRAFFIC_SECRET_0 d3a090e43a0bd14ac596f04693a90760cc92dc343ba485ed56ad75cd092efd78 cf79d74198007ff0202dd6d29c8c65ce5507199a88eb93fd511f4f04b5c32b0e
SERVER_HANDSHAKE_TRAFFIC_SECRET d633bcc5451a33c3b599a7d8335a8a26fb8497b8dab5e6be72c2331ba1b43879 a44911acde020692ee94ea372053c87f744ff4cddffd8513b4229e9e797fadc8
EXPORTER_SECRET d633bcc5451a33c3b599a7d8335a8a26fb8497b8dab5e6be72c2331ba1b43879 26bdff4d4a8111f8daeb72f3779f3d0fd3bb6ea5be53b851f3d43518cada4662
SERVER_TRAFFIC_SECRET_0 d633bcc5451a33c3b599a7d8335a8a26fb8497b8dab5e6be72c2331ba1b43879 c0862622c9c891fdb44b9f21b431c8de725b2ea4579d6cb649f739a16ba64ea6
CLIENT_HANDSHAKE_TRAFFIC_SECRET d633bcc5451a33c3b599a7d8335a8a26fb8497b8dab5e6be72c2331ba1b43879 4466889a0973d59b2bdf633a6c8cb410801884056115880f14938b021f297a81
CLIENT_TRAFFIC_SECRET_0 d633bcc5451a33c3b599a7d8335a8a26fb8497b8dab5e6be72c2331ba1b43879 221fd583f0e2512c0bf07fbf892f2b31e041f97ab0a6b998417ed1b635666f31
SERVER_HANDSHAKE_TRAFFIC_SECRET 0b50fdbb57514cf8112cba84ac1767e5961e07467a5fcb15f0a26fd426321ce6 a2b3e3f1570f7784bc9af30dd0a699dc2c6eb4751fac7fc7ef6d7cb603fa6bc8
EXPORTER_SECRET 0b50fdbb57514cf8112cba84ac1767e5961e07467a5fcb15f0a26fd426321ce6 e64fc9056534e8dfc2f53b8d844aa45daa96bb8d3a2ca5335608ff72c5ef0b3d
SERVER_TRAFFIC_SECRET_0 0b50fdbb57514cf8112cba84ac1767e5961e07467a5fcb15f0a26fd426321ce6 500c3b7cf052343abff78ec489f55fceaf6ff02a19d369e3be6ad6e2f4ce4e19
CLIENT_HANDSHAKE_TRAFFIC_SECRET 0b50fdbb57514cf8112cba84ac1767e5961e07467a5fcb15f0a26fd426321ce6 de1778b3e1d27ff4363c75f3c3925d56fa5641e91d82d913c56ccaaad658f4bc
CLIENT_TRAFFIC_SECRET_0 0b50fdbb57514cf8112cba84ac1767e5961e07467a5fcb15f0a26fd426321ce6 043e185542f8757828555a718bccedac900ef7155569896702545cdea0aa710f
SERVER_HANDSHAKE_TRAFFIC_SECRET 297e68c19985e8d6bfe7aa41f40496af11b83f95fadd0d00610e8d6802076c86 851847fe953aefde0764328734e94eefdbfc571a951faa2770886185f5a1e61b
EXPORTER_SECRET 297e68c19985e8d6bfe7aa41f40496af11b83f95fadd0d00610e8d6802076c86 f877cd749ee551c4ac879494d62b189aaf2df7404442bfd999ff5b6e46e44324
SERVER_TRAFFIC_SECRET_0 297e68c19985e8d6bfe7aa41f40496af11b83f95fadd0d00610e8d6802076c86 0c9c885d8dff6ae8698344b8e636b051ce3891c0f0a562bab93994afccacaee7
CLIENT_HANDSHAKE_TRAFFIC_SECRET 297e68c19985e8d6bfe7aa41f40496af11b83f95fadd0d00610e8d6802076c86 0e34f3c48d00d45dbe92f335b28a50fc5244b4fff8820120c08854842252ee31
CLIENT_TRAFFIC_SECRET_0 297e68c19985e8d6bfe7aa41f40496af11b83f95fadd0d00610e8d6802076c86 afee3fe6799c2e2743167bac13e6d5fac8c4a5ae75f8d7ddb60998cad059683e
SERVER_HANDSHAKE_TRAFFIC_SECRET 4dfd8558775cb33f310c334336b6d315f3643e58c5d8907aedd5d470fac1271f 5cab37fa4434a529df09ea8e72b5d27897bbc7fd61463e1fd09725db682ae7f9
EXPORTER_SECRET 4dfd8558775cb33f310c334336b6d315f3643e58c5d8907aedd5d470fac1271f a8ec8b6bee2c917bb55e638957eed33993a8905f7797da980098bc2eb855e4b4
SERVER_TRAFFIC_SECRET_0 4dfd8558775cb33f310c334336b6d315f3643e58c5d8907aedd5d470fac1271f d8739755f676281f5ce5308653d5eefb4ab9fc5664fb7f18a7c69163731d9d06
CLIENT_HANDSHAKE_TRAFFIC_SECRET 4dfd8558775cb33f310c334336b6d315f3643e58c5d8907aedd5d470fac1271f 2f40a5d48995c1ea48441f06024805d0e4ae773846258265763d326dcc0faa28
CLIENT_TRAFFIC_SECRET_0 4dfd8558775cb33f310c334336b6d315f3643e58c5d8907aedd5d470fac1271f d0d7ce3a595779f93f8a9d46a804a972838bf7fcf78f8b2a23f6ef7f671c8fa0
SERVER_HANDSHAKE_TRAFFIC_SECRET 4cd5e76bd64a2c076b0a463073a532784675e7ff795acd9fa24dcde5e5f93ea1 a72fa4d4fc0ff1e16f7cdd71425abf246b447c1404b28b02921c278f8e06cc27
EXPORTER_SECRET 4cd5e76bd64a2c076b0a463073a532784675e7ff795acd9fa24dcde5e5f93ea1 4e05e2bf49fe216da6f9f8d36f66a37d7847957a814e78aa1d33d66c6d7c09f0
SERVER_TRAFFIC_SECRET_0 4cd5e76bd64a2c076b0a463073a532784675e7ff795acd9fa24dcde5e5f93ea1 0e3c9aa8d15a3731c125d76a3bdca88f97843cc968e00a7735fc602b40ccda2b
CLIENT_HANDSHAKE_TRAFFIC_SECRET 4cd5e76bd64a2c076b0a463073a532784675e7ff795acd9fa24dcde5e5f93ea1 9993219e2be7d0b0618eb38b635a296ba053ac9bbd41c2ea7661e44041159c1b
CLIENT_TRAFFIC_SECRET_0 4cd5e76bd64a2c076b0a463073a532784675e7ff795acd9fa24dcde5e5f93ea1 33f064eff8f61016d5e505fee3129a983c63c9f8a02568f63d0bb26ca611ebf6
